<?xml version="1.0" encoding="UTF-8"?>
<testsuite xmlns:xsi="http://www.w3.org/2001/XMLSchema-instance" xsi:noNamespaceSchemaLocation="https://maven.apache.org/surefire/maven-surefire-plugin/xsd/surefire-test-report-3.0.xsd" version="3.0" name="TestSuite" time="170.971" tests="4" errors="0" skipped="0" failures="1">
  <properties>
[...]
</properties>
  <testcase name="validateUserName" classname="neoStox_TestClass.ValidateNeoStoxCombo" time="1.256">
    <system-out><![CDATA[launching browser successfully...
waiting for 1000ms...
Clicking on sign in...
waiting for 1000ms...
reading mobNumber from property file
waiting for 1000ms...
Entering mobile number...
waiting for 1000ms...
Clicking on sign in button...
waiting for 1000ms...
reading password from property file
waiting for 1000ms...
Entering password number...
waiting for 1000ms...
Clicking on submit button...
waiting for 1000ms...
clicking on ok button...
waiting for 1000ms...
clicking on close button...
waiting for 1000ms...
waiting for 1000ms...
taking screenshot...
getting actual user name is Juber Khan...
reading expUserName from property file
Validate user name passed...
]]></system-out>
    <system-err><![CDATA[SLF4J: Failed to load class "org.slf4j.impl.StaticLoggerBinder".
SLF4J: Defaulting to no-operation (NOP) logger implementation
SLF4J: See http://www.slf4j.org/codes.html#StaticLoggerBinder for further details.
ERROR StatusLogger Log4j2 could not find a logging implementation. Please add log4j-core to the classpath. Using SimpleLogger to log to the console...
Starting ChromeDriver 107.0.5304.62 (1eec40d3a5764881c92085aaee66d25075c159aa-refs/branch-heads/5304@{#942}) on port 7466
Only local connections are allowed.
Please see https://chromedriver.chromium.org/security-considerations for suggestions on keeping ChromeDriver safe.
ChromeDriver was started successfully.
[1671791669.329][WARNING]: This version of ChromeDriver has not been tested with Chrome version 108.
Dec 23, 2022 4:04:29 PM org.openqa.selenium.devtools.CdpVersionFinder findNearestMatch
WARNING: Unable to find an exact match for CDP version 108, so returning the closest version found: 107
]]></system-err>
  </testcase>
  <testcase name="showAvailableFunds" classname="neoStox_TestClass.ValidateNeoStoxCombo" time="0.012">
    <failure message="null" type="java.lang.AssertionError"><![CDATA[java.lang.AssertionError: null
	at org.testng.Assert.fail(Assert.java:110)
	at org.testng.Assert.fail(Assert.java:115)
	at neoStox_TestClass.ValidateNeoStoxCombo.showAvailableFunds(ValidateNeoStoxCombo.java:64)
	at java.base/jdk.internal.reflect.NativeMethodAccessorImpl.invoke0(Native Method)
	at java.base/jdk.internal.reflect.NativeMethodAccessorImpl.invoke(NativeMethodAccessorImpl.java:62)
	at java.base/jdk.internal.reflect.DelegatingMethodAccessorImpl.invoke(DelegatingMethodAccessorImpl.java:43)
	at java.base/java.lang.reflect.Method.invoke(Method.java:566)
	at org.testng.internal.invokers.MethodInvocationHelper.invokeMethod(MethodInvocationHelper.java:139)
	at org.testng.internal.invokers.TestInvoker.invokeMethod(TestInvoker.java:677)
	at org.testng.internal.invokers.TestInvoker.invokeTestMethod(TestInvoker.java:221)
	at org.testng.internal.invokers.MethodRunner.runInSequence(MethodRunner.java:50)
	at org.testng.internal.invokers.TestInvoker$MethodInvocationAgent.invoke(TestInvoker.java:962)
	at org.testng.internal.invokers.TestInvoker.invokeTestMethods(TestInvoker.java:194)
	at org.testng.internal.invokers.TestMethodWorker.invokeTestMethods(TestMethodWorker.java:148)
	at org.testng.internal.invokers.TestMethodWorker.run(TestMethodWorker.java:128)
	at java.base/java.util.ArrayList.forEach(ArrayList.java:1541)
	at org.testng.TestRunner.privateRun(TestRunner.java:806)
	at org.testng.TestRunner.run(TestRunner.java:601)
	at org.testng.SuiteRunner.runTest(SuiteRunner.java:433)
	at org.testng.SuiteRunner.runSequentially(SuiteRunner.java:427)
	at org.testng.SuiteRunner.privateRun(SuiteRunner.java:387)
	at org.testng.SuiteRunner.run(SuiteRunner.java:330)
	at org.testng.SuiteRunnerWorker.runSuite(SuiteRunnerWorker.java:52)
	at org.testng.SuiteRunnerWorker.run(SuiteRunnerWorker.java:95)
	at org.testng.TestNG.runSuitesSequentially(TestNG.java:1256)
	at org.testng.TestNG.runSuitesLocally(TestNG.java:1176)
	at org.testng.TestNG.runSuites(TestNG.java:1099)
	at org.testng.TestNG.run(TestNG.java:1067)
	at org.apache.maven.surefire.testng.TestNGExecutor.run(TestNGExecutor.java:324)
	at org.apache.maven.surefire.testng.TestNGXmlTestSuite.execute(TestNGXmlTestSuite.java:74)
	at org.apache.maven.surefire.testng.TestNGProvider.invoke(TestNGProvider.java:123)
	at org.apache.maven.surefire.booter.ForkedBooter.runSuitesInProcess(ForkedBooter.java:456)
	at org.apache.maven.surefire.booter.ForkedBooter.execute(ForkedBooter.java:169)
	at org.apache.maven.surefire.booter.ForkedBooter.run(ForkedBooter.java:595)
	at org.apache.maven.surefire.booter.ForkedBooter.main(ForkedBooter.java:581)
]]></failure>
    <system-out><![CDATA[TC validateUserName is passed...
loging out from NeoStox...
waiting for 1000ms...
waiting for 1000ms...
clicking on logout button...
waiting for 1000ms...
Clicking on sign in...
waiting for 1000ms...
reading mobNumber from property file
waiting for 1000ms...
Entering mobile number...
waiting for 1000ms...
Clicking on sign in button...
waiting for 1000ms...
reading password from property file
waiting for 1000ms...
Entering password number...
waiting for 1000ms...
Clicking on submit button...
waiting for 1000ms...
]]></system-out>
  </testcase>
  <testcase name="validateUserName" classname="neoStox_TestClass.ValidateNeoStoxUserName" time="0.331">
    <system-out><![CDATA[TC showAvailableFunds is failed...
waiting for 1000ms...
taking screenshot...
loging out from NeoStox...
waiting for 1000ms...
waiting for 1000ms...
clicking on logout button...
closing browser...
launching browser successfully...
waiting for 1000ms...
Clicking on sign in...
reading mobNumber from property file
waiting for 1000ms...
Entering mobile number...
waiting for 1000ms...
Clicking on sign in button...
waiting for 1000ms...
reading password from property file
waiting for 1000ms...
Entering password number...
waiting for 1000ms...
Clicking on submit button...
waiting for 1000ms...
clicking on ok button...
waiting for 1000ms...
clicking on close button...
reading expUserName from property file
waiting for 1000ms...
waiting for 1000ms...
taking screenshot...
getting actual user name is Juber Khan...
Validate user name passed...
]]></system-out>
    <system-err><![CDATA[Starting ChromeDriver 107.0.5304.62 (1eec40d3a5764881c92085aaee66d25075c159aa-refs/branch-heads/5304@{#942}) on port 44561
Only local connections are allowed.
Please see https://chromedriver.chromium.org/security-considerations for suggestions on keeping ChromeDriver safe.
ChromeDriver was started successfully.
[1671791719.286][WARNING]: This version of ChromeDriver has not been tested with Chrome version 108.
Dec 23, 2022 4:05:19 PM org.openqa.selenium.devtools.CdpVersionFinder findNearestMatch
WARNING: Unable to find an exact match for CDP version 108, so returning the closest version found: 107
]]></system-err>
  </testcase>
  <testcase name="showAvailableFunds" classname="neoStox_TestClass.ValidateNeoStoxAccBalance" time="0.28">
    <system-out><![CDATA[TC validateUserName is passed...
loging out from NeoStox...
waiting for 1000ms...
waiting for 1000ms...
clicking on logout button...
closing browser...
launching browser successfully...
waiting for 1000ms...
Clicking on sign in...
reading mobNumber from property file
waiting for 1000ms...
Entering mobile number...
waiting for 1000ms...
Clicking on sign in button...
waiting for 1000ms...
reading password from property file
waiting for 1000ms...
Entering password number...
waiting for 1000ms...
Clicking on submit button...
waiting for 1000ms...
clicking on ok button...
waiting for 1000ms...
clicking on close button...
waiting for 1000ms...
getting available account balance is Rs.4,99,658.77...
waiting for 1000ms...
taking screenshot...
Validate available funds passed...
]]></system-out>
    <system-err><![CDATA[Starting ChromeDriver 107.0.5304.62 (1eec40d3a5764881c92085aaee66d25075c159aa-refs/branch-heads/5304@{#942}) on port 46308
Only local connections are allowed.
Please see https://chromedriver.chromium.org/security-considerations for suggestions on keeping ChromeDriver safe.
ChromeDriver was started successfully.
[1671791764.048][WARNING]: This version of ChromeDriver has not been tested with Chrome version 108.
Dec 23, 2022 4:06:04 PM org.openqa.selenium.devtools.CdpVersionFinder findNearestMatch
WARNING: Unable to find an exact match for CDP version 108, so returning the closest version found: 107
]]></system-err>
  </testcase>
</testsuite>